<?xml version="1.0" encoding="UTF-8"?>
<!-- Generated by org.testng.reporters.JUnitReportReporter -->
<testsuite hostname="Richards-MacBook-Pro.local" failures="0" tests="1" name="com.Ecommerce.Test.LoginTest" time="8.247" errors="0" timestamp="2024-03-15T17:24:43 IST" skipped="0">
  <testcase classname="com.Ecommerce.Test.LoginTest" name="validateLogin" time="8.247"/>
</testsuite> <!-- com.Ecommerce.Test.LoginTest -->
