<?xml version="1.0" encoding="UTF-8"?>
<!-- Generated by org.testng.reporters.JUnitReportReporter -->
<testsuite hostname="192.168.1.10" failures="0" tests="2" name="com.Ecommerce.Test.ProductTest" time="40.971" errors="0" timestamp="2024-03-17T16:01:48 IST" skipped="0">
  <testcase classname="com.Ecommerce.Test.ProductTest" name="clickOnProductAndAddToCart" time="22.494"/>
  <testcase classname="com.Ecommerce.Test.ProductTest" name="click" time="18.477"/>
</testsuite> <!-- com.Ecommerce.Test.ProductTest -->
